{
  "0 debug pnpm:scope": {
    "selected": 1,
    "workspacePrefix": "/Users/jakemoxey/git/viem"
  },
  "1 debug pnpm:package-manifest": {
    "initial": {},
    "prefix": "/Users/jakemoxey/Library/pnpm/store/v3/tmp/dlx-11545"
  },
  "2 debug pnpm:context": {
    "currentLockfileExists": false,
    "storeDir": "/Users/jakemoxey/Library/pnpm/store/v3",
    "virtualStoreDir": "/Users/jakemoxey/Library/pnpm/store/v3/tmp/dlx-11545/node_modules/.pnpm"
  },
  "3 debug pnpm:stage": {
    "prefix": "/Users/jakemoxey/Library/pnpm/store/v3/tmp/dlx-11545",
    "stage": "resolution_started"
  },
  "4 debug pnpm:_dependency_resolved": {
    "resolution": "registry.npmjs.org/create-expo-app/1.1.1",
    "wanted": {
      "dependentId": ".",
      "name": "create-expo-app",
      "rawSpec": "latest"
    }
  },
  "5 debug pnpm:progress": {
    "packageId": "registry.npmjs.org/create-expo-app/1.1.1",
    "requester": "/Users/jakemoxey/Library/pnpm/store/v3/tmp/dlx-11545",
    "status": "resolved"
  },
  "6 debug pnpm:package-manifest": {
    "prefix": "/Users/jakemoxey/Library/pnpm/store/v3/tmp/dlx-11545",
    "updated": {
      "dependencies": {
        "create-expo-app": "^1.1.1"
      }
    }
  },
  "7 debug pnpm:package-manifest": {
    "prefix": "/Users/jakemoxey/Library/pnpm/store/v3/tmp/dlx-11545",
    "updated": {
      "dependencies": {
        "create-expo-app": "^1.1.1"
      }
    }
  },
  "8 debug pnpm:stage": {
    "prefix": "/Users/jakemoxey/Library/pnpm/store/v3/tmp/dlx-11545",
    "stage": "resolution_done"
  },
  "9 debug pnpm:stats": {
    "prefix": "/Users/jakemoxey/Library/pnpm/store/v3/tmp/dlx-11545",
    "removed": 0
  },
  "10 debug pnpm:stage": {
    "prefix": "/Users/jakemoxey/Library/pnpm/store/v3/tmp/dlx-11545",
    "stage": "importing_started"
  },
  "11 debug pnpm:stats": {
    "added": 1,
    "prefix": "/Users/jakemoxey/Library/pnpm/store/v3/tmp/dlx-11545"
  },
  "12 debug pnpm:progress": {
    "packageId": "registry.npmjs.org/create-expo-app/1.1.1",
    "requester": "/Users/jakemoxey/Library/pnpm/store/v3/tmp/dlx-11545",
    "status": "found_in_store"
  },
  "13 debug pnpm:package-import-method": {
    "method": "hardlink"
  },
  "14 debug pnpm:progress": {
    "method": "hardlink",
    "requester": "/Users/jakemoxey/Library/pnpm/store/v3/tmp/dlx-11545",
    "status": "imported",
    "to": "/Users/jakemoxey/Library/pnpm/store/v3/tmp/dlx-11545/node_modules/.pnpm/create-expo-app@1.1.1/node_modules/create-expo-app"
  },
  "15 debug pnpm:stage": {
    "prefix": "/Users/jakemoxey/Library/pnpm/store/v3/tmp/dlx-11545",
    "stage": "importing_done"
  },
  "16 debug pnpm:link": {
    "target": "/Users/jakemoxey/Library/pnpm/store/v3/tmp/dlx-11545/node_modules/.pnpm/create-expo-app@1.1.1/node_modules/create-expo-app",
    "link": "/Users/jakemoxey/Library/pnpm/store/v3/tmp/dlx-11545/node_modules/create-expo-app"
  },
  "17 debug pnpm:root": {
    "added": {
      "dependencyType": "prod",
      "id": "registry.npmjs.org/create-expo-app/1.1.1",
      "name": "create-expo-app",
      "realName": "create-expo-app",
      "version": "1.1.1"
    },
    "prefix": "/Users/jakemoxey/Library/pnpm/store/v3/tmp/dlx-11545"
  },
  "18 debug pnpm:summary": {
    "prefix": "/Users/jakemoxey/Library/pnpm/store/v3/tmp/dlx-11545"
  },
  "19 error pnpm": {
    "shortMessage": "Command failed with exit code 1: /Users/jakemoxey/Library/pnpm/store/v3/tmp/dlx-11545/node_modules/.bin/create-expo-app _dev-react-native -t expo-template-blank-typescript",
    "command": "/Users/jakemoxey/Library/pnpm/store/v3/tmp/dlx-11545/node_modules/.bin/create-expo-app _dev-react-native -t expo-template-blank-typescript",
    "escapedCommand": "\"/Users/jakemoxey/Library/pnpm/store/v3/tmp/dlx-11545/node_modules/.bin/create-expo-app\" _dev-react-native -t expo-template-blank-typescript",
    "exitCode": 1,
    "failed": true,
    "timedOut": false,
    "isCanceled": false,
    "killed": false,
    "err": {
      "name": "pnpm",
      "message": "Command failed with exit code 1: /Users/jakemoxey/Library/pnpm/store/v3/tmp/dlx-11545/node_modules/.bin/create-expo-app _dev-react-native -t expo-template-blank-typescript",
      "stack": "pnpm: Command failed with exit code 1: /Users/jakemoxey/Library/pnpm/store/v3/tmp/dlx-11545/node_modules/.bin/create-expo-app _dev-react-native -t expo-template-blank-typescript\n    at makeError (/Users/jakemoxey/pnpm-global/5/node_modules/.pnpm/pnpm@7.1.5/node_modules/pnpm/dist/pnpm.cjs:42604:17)\n    at handlePromise (/Users/jakemoxey/pnpm-global/5/node_modules/.pnpm/pnpm@7.1.5/node_modules/pnpm/dist/pnpm.cjs:43175:33)\n    at process.processTicksAndRejections (node:internal/process/task_queues:95:5)\n    at async Object.handler (/Users/jakemoxey/pnpm-global/5/node_modules/.pnpm/pnpm@7.1.5/node_modules/pnpm/dist/pnpm.cjs:171492:7)\n    at async /Users/jakemoxey/pnpm-global/5/node_modules/.pnpm/pnpm@7.1.5/node_modules/pnpm/dist/pnpm.cjs:176499:21\n    at async run (/Users/jakemoxey/pnpm-global/5/node_modules/.pnpm/pnpm@7.1.5/node_modules/pnpm/dist/pnpm.cjs:176473:34)\n    at async runPnpm (/Users/jakemoxey/pnpm-global/5/node_modules/.pnpm/pnpm@7.1.5/node_modules/pnpm/dist/pnpm.cjs:176691:5)\n    at async /Users/jakemoxey/pnpm-global/5/node_modules/.pnpm/pnpm@7.1.5/node_modules/pnpm/dist/pnpm.cjs:176683:7"
    }
  }
}